#
# A fatal error has been detected by the Java Runtime Environment:
#
#  EXCEPTION_ACCESS_VIOLATION (0xc0000005) at pc=0x00007ffebf8a3185, pid=7216, tid=7444
#
# JRE version: Java(TM) SE Runtime Environment (21.0.1+12) (build 21.0.1+12-LTS-29)
# Java VM: Java HotSpot(TM) 64-Bit Server VM (21.0.1+12-LTS-29, mixed mode, sharing, tiered, compressed oops, compressed class ptrs, g1 gc, windows-amd64)
# Problematic frame:
# V  [jvm.dll+0x713185]
#
# No core dump will be written. Minidumps are not enabled by default on client versions of Windows
#
# If you would like to submit a bug report, please visit:
#   https://bugreport.java.com/bugreport/crash.jsp
#

---------------  S U M M A R Y ------------

Command Line: -Dfile.encoding=UTF-8 -Dstdout.encoding=UTF-8 -Dstderr.encoding=UTF-8 --module-path=C:\Users\carlo\eclipse-workspace\JogodeCartas\bin -XX:+ShowCodeDetailsInExceptionMessages -Djdk.module.main=JogodeCartas JogodeCartas/jogodecartas.Conteiner

Host: Pentium(R) Dual-Core  CPU      E5700  @ 3.00GHz, 2 cores, 3G,  Windows 10 , 64 bit Build 19041 (10.0.19041.3636)
Time: Thu Sep 12 17:13:24 2024 Hora oficial do Brasil elapsed time: 3.993766 seconds (0d 0h 0m 3s)

---------------  T H R E A D  ---------------

Current thread (0x000002226457b670):  JavaThread "C2 CompilerThread0" daemon [_thread_in_native, id=7444, stack(0x0000006c20400000,0x0000006c20500000) (1024K)]


Current CompileTask:
C2:   3993  880   !   4       sun.awt.image.PNGImageDecoder::produceImage (1917 bytes)

Stack: [0x0000006c20400000,0x0000006c20500000],  sp=0x0000006c204fcae0,  free space=1010k
Native frames: (J=compiled Java code, j=interpreted, Vv=VM code, C=native code)
V  [jvm.dll+0x713185]
V  [jvm.dll+0x1e1fc1]
V  [jvm.dll+0x249c22]
V  [jvm.dll+0x2490b1]
V  [jvm.dll+0x1c9ca1]
V  [jvm.dll+0x2586b9]
V  [jvm.dll+0x256c9a]
V  [jvm.dll+0x3ef1b6]
V  [jvm.dll+0x7fd728]
V  [jvm.dll+0x6c777d]
C  [ucrtbase.dll+0x21bb2]
C  [KERNEL32.DLL+0x17344]
C  [ntdll.dll+0x526b1]


siginfo: EXCEPTION_ACCESS_VIOLATION (0xc0000005), reading address 0x000002226b343b20


Registers:
RAX=0x000002226ab03aa0, RBX=0x0000000000083ea0, RCX=0x000002224a72f5e8, RDX=0x0000000000210020
RSP=0x0000006c204fcae0, RBP=0x0000006c204fcbe0, RSI=0x000002226993bde0, RDI=0x000002226ba88050
R8 =0x0000000000000000, R9 =0x0000000000000000, R10=0x0000006c204fd390, R11=0x0000000000000246
R12=0x0000000000000012, R13=0x0000000000000012, R14=0x0000022269dbd998, R15=0x000000000000002a
RIP=0x00007ffebf8a3185, EFLAGS=0x0000000000010293


Register to memory mapping:

RAX=0x000002226ab03aa0 points into unknown readable memory: 0x0000000000000000 | 00 00 00 00 00 00 00 00
RBX=0x0000000000083ea0 is an unknown value
RCX=0x000002224a72f5e8 points into unknown readable memory: 0x00b11800b72c0300 | 00 03 2c b7 00 18 b1 00
RDX=0x0000000000210020 is an unknown value
RSP=0x0000006c204fcae0 is pointing into the stack for thread: 0x000002226457b670
RBP=0x0000006c204fcbe0 is pointing into the stack for thread: 0x000002226457b670
RSI=0x000002226993bde0 points into unknown readable memory: 0x000002226993be20 | 20 be 93 69 22 02 00 00
RDI=0x000002226ba88050 points into unknown readable memory: 0x0000000000000000 | 00 00 00 00 00 00 00 00
R8 =0x0 is null
R9 =0x0 is null
R10=0x0000006c204fd390 is pointing into the stack for thread: 0x000002226457b670
R11=0x0000000000000246 is an unknown value
R12=0x0000000000000012 is an unknown value
R13=0x0000000000000012 is an unknown value
R14=0x0000022269dbd998 points into unknown readable memory: 0x00007ffebfadf820 | 20 f8 ad bf fe 7f 00 00
R15=0x000000000000002a is an unknown value

Top of Stack: (sp=0x0000006c204fcae0)
0x0000006c204fcae0:   0000022269c82820 0000006c204fcbe0
0x0000006c204fcaf0:   00000222699ff580 0000022269ec5150
0x0000006c204fcb00:   000000000000201c 0000000000000000
0x0000006c204fcb10:   0000000000000048 0000000000000001
0x0000006c204fcb20:   0000000000000000 0000000000000000
0x0000006c204fcb30:   0000000000000000 0000000000000000
0x0000006c204fcb40:   00000222699ff580 0000004b00001ee5
0x0000006c204fcb50:   0000002900001ee5 0000022269dbd998
0x0000006c204fcb60:   0000001200000002 000002226993bde0
0x0000006c204fcb70:   000002226a4f4810 00007ffe0000004b
0x0000006c204fcb80:   0000022269467fc0 00007ffe00000000
0x0000006c204fcb90:   00000222699e8920 000002226ba88050
0x0000006c204fcba0:   000002fc00007fd8 00000222699e8930
0x0000006c204fcbb0:   0000022269e250b0 0000000000083ea0
0x0000006c204fcbc0:   0000022269e2b830 000002226a534790
0x0000006c204fcbd0:   0000022269e28470 000002220000004a
0x0000006c204fcbe0:   0000000000000000 000002226983cee0
0x0000006c204fcbf0:   00000222647cdb38 0000022269e2b840
0x0000006c204fcc00:   0000022269cadc18 000002226983cea0
0x0000006c204fcc10:   00000222647cd750 00000000000003d8
0x0000006c204fcc20:   00000222647cd760 0000000000000002
0x0000006c204fcc30:   00000222699ff598 0000000000000003
0x0000006c204fcc40:   0000000000000000 0000006c204fcf50
0x0000006c204fcc50:   00001ee500000000 0000022269467fc0
0x0000006c204fcc60:   0000006c204fd0c0 0000000000000020
0x0000006c204fcc70:   0000000000000000 00007ffebf54b11d
0x0000006c204fcc80:   0000006c204fd110 000002226bba9120
0x0000006c204fcc90:   0000006c204fcd10 00007ffebf54a6d8
0x0000006c204fcca0:   000000000000001b 00007ffebf253fef
0x0000006c204fccb0:   0000006c204fd0c0 00000222647cd750
0x0000006c204fccc0:   00000222647cd760 00000222647cdb38
0x0000006c204fccd0:   00000000000003d8 00000000000da340 

Instructions: (pc=0x00007ffebf8a3185)
0x00007ffebf8a3085:   4b 8b 0c e9 48 85 c9 74 28 4c 8b 41 10 4d 85 c0
0x00007ffebf8a3095:   74 1f 8b 41 20 49 8d 14 c0 66 90 4c 39 72 f8 48
0x00007ffebf8a30a5:   8d 52 f8 75 f6 ff c8 89 41 20 49 8b 0c c0 48 89
0x00007ffebf8a30b5:   0a 48 8b 45 58 45 33 ed 65 48 8b 14 25 58 00 00
0x00007ffebf8a30c5:   00 b9 70 00 00 00 4d 89 2c d9 48 8b 04 c2 44 38
0x00007ffebf8a30d5:   2c 01 75 05 e8 22 19 1e 00 41 8b d7 48 8d 4e 10
0x00007ffebf8a30e5:   e8 26 3d f9 ff ff 4e 28 48 8d 56 18 ff 4e 70 41
0x00007ffebf8a30f5:   ff cf ff 4e 78 41 ff c7 e9 2f fb ff ff 41 8b 46
0x00007ffebf8a3105:   2c 83 e0 7f 3c 4a 0f 84 6b 02 00 00 49 8b 06 49
0x00007ffebf8a3115:   8b ce ff 90 88 00 00 00 48 89 45 88 48 8b f0 48
0x00007ffebf8a3125:   85 c0 74 0b 48 8b c8 e8 cf d8 ab ff 44 8b e0 8b
0x00007ffebf8a3135:   4d 98 41 bd 01 00 00 00 44 89 64 24 6c 44 89 6d
0x00007ffebf8a3145:   84 8d 41 ff 89 45 f8 41 3b cd 0f 86 1f 02 00 00
0x00007ffebf8a3155:   44 3b e8 76 0e 41 8b c5 41 2b c4 a8 01 0f 84 f4
0x00007ffebf8a3165:   01 00 00 49 8b 46 08 4c 8b 95 40 03 00 00 45 8b
0x00007ffebf8a3175:   e5 4a 8b 0c e0 49 8b 82 08 01 00 00 48 63 51 28
0x00007ffebf8a3185:   8b 0c 90 41 3b 8a e0 00 00 00 0f 83 c2 01 00 00
0x00007ffebf8a3195:   49 8b 42 70 8b d1 48 69 d9 b0 00 00 00 48 8b 48
0x00007ffebf8a31a5:   20 48 89 5d d8 81 7c 19 30 2f 75 00 00 0f 8c 9f
0x00007ffebf8a31b5:   01 00 00 48 8b 45 e8 44 8b 34 90 48 8b 45 b0 45
0x00007ffebf8a31c5:   8b fe 44 89 74 24 74 4c 89 75 20 4a 8b 3c f0 48
0x00007ffebf8a31d5:   85 f6 0f 84 d5 02 00 00 8b 4e 14 41 3b cd 77 0f
0x00007ffebf8a31e5:   44 3b 6e 18 73 09 41 8b c5 2b c1 a8 01 74 23 48
0x00007ffebf8a31f5:   8b 0e 48 85 c9 0f 84 b2 02 00 00 41 8b d5 e8 e8
0x00007ffebf8a3205:   8e b1 ff 84 c0 0f 84 a2 02 00 00 4c 8b 95 40 03
0x00007ffebf8a3215:   00 00 4d 8b 42 10 48 8b cf 48 8b 54 24 60 e8 b8
0x00007ffebf8a3225:   19 00 00 48 8b f0 48 85 c0 0f 84 79 12 00 00 4c
0x00007ffebf8a3235:   8b 85 40 03 00 00 49 8b 58 10 8b 8b 50 02 00 00
0x00007ffebf8a3245:   2b 8b 78 02 00 00 03 0d 4f 88 4a 00 3b 4b 68 0f
0x00007ffebf8a3255:   87 2e 12 00 00 48 63 78 28 49 8d 98 00 01 00 00
0x00007ffebf8a3265:   3b 3b 7c 4f 3b 7b 04 7c 11 8b d7 48 8b cb e8 f8
0x00007ffebf8a3275:   e2 9b ff 4c 8b 85 40 03 00 00 48 63 13 3b d7 7d 


Stack slot to memory mapping:

stack at sp + 0 slots: 0x0000022269c82820 points into unknown readable memory: 0x00007ffebfb394b8 | b8 94 b3 bf fe 7f 00 00
stack at sp + 1 slots: 0x0000006c204fcbe0 is pointing into the stack for thread: 0x000002226457b670
stack at sp + 2 slots: 0x00000222699ff580 points into unknown readable memory: 0x00007ffebfb24fb0 | b0 4f b2 bf fe 7f 00 00
stack at sp + 3 slots: 0x0000022269ec5150 points into unknown readable memory: 0x000000000ffffcff | ff fc ff 0f 00 00 00 00
stack at sp + 4 slots: 0x000000000000201c is an unknown value
stack at sp + 5 slots: 0x0 is null
stack at sp + 6 slots: 0x0000000000000048 is an unknown value
stack at sp + 7 slots: 0x0000000000000001 is an unknown value


---------------  P R O C E S S  ---------------

Threads class SMR info:
_java_thread_list=0x0000022264a4ad90, length=19, elements={
0x000002226456f6a0, 0x0000022264572f20, 0x00000222645769b0, 0x0000022264579420,
0x0000022264579e80, 0x000002226457a8e0, 0x000002226457b670, 0x00000222645e8fe0,
0x00000222647a8030, 0x00000222648f5d70, 0x00000222649c5a60, 0x00000222649e5180,
0x0000022264a93b20, 0x0000022264b5e1e0, 0x0000022264ace570, 0x0000022264aad560,
0x0000022247b566d0, 0x000002226a617f10, 0x000002226981f440
}
_to_delete_list=0x0000022269bc7fb0, length=17, elements={
0x000002226456f6a0, 0x0000022264572f20, 0x00000222645769b0, 0x0000022264579420,
0x0000022264579e80, 0x000002226457a8e0, 0x000002226457b670, 0x00000222645e8fe0,
0x00000222647a8030, 0x00000222648f5d70, 0x00000222649c5a60, 0x00000222649e5180,
0x0000022264a93b20, 0x0000022264b5e1e0, 0x0000022264ace570, 0x0000022264aad560,
0x0000022247b566d0
}

Java Threads: ( => current thread )
  0x000002226456f6a0 JavaThread "Reference Handler"          daemon [_thread_blocked, id=7620, stack(0x0000006c1fe00000,0x0000006c1ff00000) (1024K)]
  0x0000022264572f20 JavaThread "Finalizer"                  daemon [_thread_blocked, id=4164, stack(0x0000006c1ff00000,0x0000006c20000000) (1024K)]
  0x00000222645769b0 JavaThread "Signal Dispatcher"          daemon [_thread_blocked, id=3884, stack(0x0000006c20000000,0x0000006c20100000) (1024K)]
  0x0000022264579420 JavaThread "Attach Listener"            daemon [_thread_blocked, id=4076, stack(0x0000006c20100000,0x0000006c20200000) (1024K)]
  0x0000022264579e80 JavaThread "Service Thread"             daemon [_thread_blocked, id=7808, stack(0x0000006c20200000,0x0000006c20300000) (1024K)]
  0x000002226457a8e0 JavaThread "Monitor Deflation Thread"   daemon [_thread_blocked, id=2716, stack(0x0000006c20300000,0x0000006c20400000) (1024K)]
=>0x000002226457b670 JavaThread "C2 CompilerThread0"         daemon [_thread_in_native, id=7444, stack(0x0000006c20400000,0x0000006c20500000) (1024K)]
  0x00000222645e8fe0 JavaThread "C1 CompilerThread0"         daemon [_thread_blocked, id=4852, stack(0x0000006c20500000,0x0000006c20600000) (1024K)]
  0x00000222647a8030 JavaThread "Common-Cleaner"             daemon [_thread_blocked, id=7408, stack(0x0000006c20600000,0x0000006c20700000) (1024K)]
  0x00000222648f5d70 JavaThread "Notification Thread"        daemon [_thread_blocked, id=2644, stack(0x0000006c20700000,0x0000006c20800000) (1024K)]
  0x00000222649c5a60 JavaThread "Java2D Disposer"            daemon [_thread_blocked, id=6524, stack(0x0000006c20800000,0x0000006c20900000) (1024K)]
  0x00000222649e5180 JavaThread "AWT-Windows"                daemon [_thread_in_native, id=1900, stack(0x0000006c20a00000,0x0000006c20b00000) (1024K)]
  0x0000022264a93b20 JavaThread "Image Fetcher 0"            daemon [_thread_blocked, id=3640, stack(0x0000006c20b00000,0x0000006c20c00000) (1024K)]
  0x0000022264b5e1e0 JavaThread "Image Fetcher 1"            daemon [_thread_blocked, id=6648, stack(0x0000006c20d00000,0x0000006c20e00000) (1024K)]
  0x0000022264ace570 JavaThread "AWT-Shutdown"                      [_thread_blocked, id=844, stack(0x0000006c20900000,0x0000006c20a00000) (1024K)]
  0x0000022264aad560 JavaThread "AWT-EventQueue-0"                  [_thread_blocked, id=7460, stack(0x0000006c20e00000,0x0000006c20f00000) (1024K)]
  0x0000022247b566d0 JavaThread "DestroyJavaVM"                     [_thread_blocked, id=1312, stack(0x0000006c1f600000,0x0000006c1f700000) (1024K)]
  0x000002226a617f10 JavaThread "Image Fetcher 2"            daemon [_thread_blocked, id=6284, stack(0x0000006c20f00000,0x0000006c21000000) (1024K)]
  0x000002226981f440 JavaThread "Image Fetcher 3"            daemon [_thread_blocked, id=3612, stack(0x0000006c21000000,0x0000006c21100000) (1024K)]
Total: 19

Other Threads:
  0x0000022264553340 VMThread "VM Thread"                           [id=5884, stack(0x0000006c1fd00000,0x0000006c1fe00000) (1024K)]
  0x0000022249dd9560 WatcherThread "VM Periodic Task Thread"        [id=2696, stack(0x0000006c1fc00000,0x0000006c1fd00000) (1024K)]
  0x0000022249d38210 WorkerThread "GC Thread#0"                     [id=6932, stack(0x0000006c1f700000,0x0000006c1f800000) (1024K)]
  0x0000022264a3b4b0 WorkerThread "GC Thread#1"                     [id=5328, stack(0x0000006c20c00000,0x0000006c20d00000) (1024K)]
  0x0000022249d41900 ConcurrentGCThread "G1 Main Marker"            [id=3296, stack(0x0000006c1f800000,0x0000006c1f900000) (1024K)]
  0x0000022249d43d60 WorkerThread "G1 Conc#0"                       [id=2568, stack(0x0000006c1f900000,0x0000006c1fa00000) (1024K)]
  0x0000022249d8c3d0 ConcurrentGCThread "G1 Refine#0"               [id=7552, stack(0x0000006c1fa00000,0x0000006c1fb00000) (1024K)]
  0x0000022249d8d890 ConcurrentGCThread "G1 Service"                [id=860, stack(0x0000006c1fb00000,0x0000006c1fc00000) (1024K)]
Total: 8

Threads with active compile tasks:
C2 CompilerThread0     4120  880   !   4       sun.awt.image.PNGImageDecoder::produceImage (1917 bytes)
Total: 1

VM state: not at safepoint (normal execution)

VM Mutex/Monitor currently owned by a thread: None

Heap address: 0x00000000c0800000, size: 1016 MB, Compressed Oops mode: 32-bit

CDS archive(s) mapped at: [0x0000022200000000-0x0000022200c90000-0x0000022200c90000), size 13172736, SharedBaseAddress: 0x0000022200000000, ArchiveRelocationMode: 1.
Compressed class space mapped at: 0x0000022201000000-0x0000022241000000, reserved size: 1073741824
Narrow klass base: 0x0000022200000000, Narrow klass shift: 0, Narrow klass range: 0x100000000

GC Precious Log:
 CardTable entry size: 512
 Card Set container configuration: InlinePtr #cards 5 size 8 Array Of Cards #cards 12 size 40 Howl #buckets 4 coarsen threshold 1843 Howl Bitmap #cards 512 size 80 coarsen threshold 460 Card regions per heap region 1 cards per card region 2048
 CPUs: 2 total, 2 available
 Memory: 4061M
 Large Page Support: Disabled
 NUMA Support: Disabled
 Compressed Oops: Enabled (32-bit)
 Heap Region Size: 1M
 Heap Min Capacity: 8M
 Heap Initial Capacity: 64M
 Heap Max Capacity: 1016M
 Pre-touch: Disabled
 Parallel Workers: 2
 Concurrent Workers: 1
 Concurrent Refinement Workers: 2
 Periodic GC: Disabled

Heap:
 garbage-first heap   total 65536K, used 26862K [0x00000000c0800000, 0x0000000100000000)
  region size 1024K, 16 young (16384K), 2 survivors (2048K)
 Metaspace       used 7359K, committed 7552K, reserved 1114112K
  class space    used 791K, committed 896K, reserved 1048576K

Heap Regions: E=young(eden), S=young(survivor), O=old, HS=humongous(starts), HC=humongous(continues), CS=collection set, F=free, TAMS=top-at-mark-start, PB=parsable bottom
|   0|0x00000000c0800000, 0x00000000c0900000, 0x00000000c0900000|100%|HS|  |TAMS 0x00000000c0800000| PB 0x00000000c0800000| Complete 
|   1|0x00000000c0900000, 0x00000000c0a00000, 0x00000000c0a00000|100%|HC|  |TAMS 0x00000000c0900000| PB 0x00000000c0900000| Complete 
|   2|0x00000000c0a00000, 0x00000000c0b00000, 0x00000000c0b00000|100%|HC|  |TAMS 0x00000000c0a00000| PB 0x00000000c0a00000| Complete 
|   3|0x00000000c0b00000, 0x00000000c0c00000, 0x00000000c0c00000|100%|HC|  |TAMS 0x00000000c0b00000| PB 0x00000000c0b00000| Complete 
|   4|0x00000000c0c00000, 0x00000000c0d00000, 0x00000000c0d00000|100%| O|  |TAMS 0x00000000c0c00000| PB 0x00000000c0c00000| Untracked 
|   5|0x00000000c0d00000, 0x00000000c0e00000, 0x00000000c0e00000|100%| O|  |TAMS 0x00000000c0d00000| PB 0x00000000c0d00000| Untracked 
|   6|0x00000000c0e00000, 0x00000000c0f00000, 0x00000000c0f00000|100%| O|  |TAMS 0x00000000c0e00000| PB 0x00000000c0e00000| Untracked 
|   7|0x00000000c0f00000, 0x00000000c1000000, 0x00000000c1000000|100%| O|  |TAMS 0x00000000c0f00000| PB 0x00000000c0f00000| Untracked 
|   8|0x00000000c1000000, 0x00000000c1100000, 0x00000000c1100000|100%| O|  |TAMS 0x00000000c1000000| PB 0x00000000c1000000| Untracked 
|   9|0x00000000c1100000, 0x00000000c113bb98, 0x00000000c1200000| 23%| O|  |TAMS 0x00000000c1100000| PB 0x00000000c1100000| Untracked 
|  10|0x00000000c1200000, 0x00000000c1300000, 0x00000000c1300000|100%|HS|  |TAMS 0x00000000c1200000| PB 0x00000000c1200000| Complete 
|  11|0x00000000c1300000, 0x00000000c1400000, 0x00000000c1400000|100%|HC|  |TAMS 0x00000000c1300000| PB 0x00000000c1300000| Complete 
|  12|0x00000000c1400000, 0x00000000c1500000, 0x00000000c1500000|100%|HC|  |TAMS 0x00000000c1400000| PB 0x00000000c1400000| Complete 
|  13|0x00000000c1500000, 0x00000000c1500000, 0x00000000c1600000|  0%| F|  |TAMS 0x00000000c1500000| PB 0x00000000c1500000| Untracked 
|  14|0x00000000c1600000, 0x00000000c1600000, 0x00000000c1700000|  0%| F|  |TAMS 0x00000000c1600000| PB 0x00000000c1600000| Untracked 
|  15|0x00000000c1700000, 0x00000000c1700000, 0x00000000c1800000|  0%| F|  |TAMS 0x00000000c1700000| PB 0x00000000c1700000| Untracked 
|  16|0x00000000c1800000, 0x00000000c1800000, 0x00000000c1900000|  0%| F|  |TAMS 0x00000000c1800000| PB 0x00000000c1800000| Untracked 
|  17|0x00000000c1900000, 0x00000000c1900000, 0x00000000c1a00000|  0%| F|  |TAMS 0x00000000c1900000| PB 0x00000000c1900000| Untracked 
|  18|0x00000000c1a00000, 0x00000000c1a00000, 0x00000000c1b00000|  0%| F|  |TAMS 0x00000000c1a00000| PB 0x00000000c1a00000| Untracked 
|  19|0x00000000c1b00000, 0x00000000c1b00000, 0x00000000c1c00000|  0%| F|  |TAMS 0x00000000c1b00000| PB 0x00000000c1b00000| Untracked 
|  20|0x00000000c1c00000, 0x00000000c1c00000, 0x00000000c1d00000|  0%| F|  |TAMS 0x00000000c1c00000| PB 0x00000000c1c00000| Untracked 
|  21|0x00000000c1d00000, 0x00000000c1d00000, 0x00000000c1e00000|  0%| F|  |TAMS 0x00000000c1d00000| PB 0x00000000c1d00000| Untracked 
|  22|0x00000000c1e00000, 0x00000000c1e00000, 0x00000000c1f00000|  0%| F|  |TAMS 0x00000000c1e00000| PB 0x00000000c1e00000| Untracked 
|  23|0x00000000c1f00000, 0x00000000c1f00000, 0x00000000c2000000|  0%| F|  |TAMS 0x00000000c1f00000| PB 0x00000000c1f00000| Untracked 
|  24|0x00000000c2000000, 0x00000000c2000000, 0x00000000c2100000|  0%| F|  |TAMS 0x00000000c2000000| PB 0x00000000c2000000| Untracked 
|  25|0x00000000c2100000, 0x00000000c2100000, 0x00000000c2200000|  0%| F|  |TAMS 0x00000000c2100000| PB 0x00000000c2100000| Untracked 
|  26|0x00000000c2200000, 0x00000000c2200000, 0x00000000c2300000|  0%| F|  |TAMS 0x00000000c2200000| PB 0x00000000c2200000| Untracked 
|  27|0x00000000c2300000, 0x00000000c2300000, 0x00000000c2400000|  0%| F|  |TAMS 0x00000000c2300000| PB 0x00000000c2300000| Untracked 
|  28|0x00000000c2400000, 0x00000000c2400000, 0x00000000c2500000|  0%| F|  |TAMS 0x00000000c2400000| PB 0x00000000c2400000| Untracked 
|  29|0x00000000c2500000, 0x00000000c2500000, 0x00000000c2600000|  0%| F|  |TAMS 0x00000000c2500000| PB 0x00000000c2500000| Untracked 
|  30|0x00000000c2600000, 0x00000000c2600000, 0x00000000c2700000|  0%| F|  |TAMS 0x00000000c2600000| PB 0x00000000c2600000| Untracked 
|  31|0x00000000c2700000, 0x00000000c2700000, 0x00000000c2800000|  0%| F|  |TAMS 0x00000000c2700000| PB 0x00000000c2700000| Untracked 
|  32|0x00000000c2800000, 0x00000000c2800000, 0x00000000c2900000|  0%| F|  |TAMS 0x00000000c2800000| PB 0x00000000c2800000| Untracked 
|  33|0x00000000c2900000, 0x00000000c2900000, 0x00000000c2a00000|  0%| F|  |TAMS 0x00000000c2900000| PB 0x00000000c2900000| Untracked 
|  34|0x00000000c2a00000, 0x00000000c2a00000, 0x00000000c2b00000|  0%| F|  |TAMS 0x00000000c2a00000| PB 0x00000000c2a00000| Untracked 
|  35|0x00000000c2b00000, 0x00000000c2b00000, 0x00000000c2c00000|  0%| F|  |TAMS 0x00000000c2b00000| PB 0x00000000c2b00000| Untracked 
|  36|0x00000000c2c00000, 0x00000000c2c00000, 0x00000000c2d00000|  0%| F|  |TAMS 0x00000000c2c00000| PB 0x00000000c2c00000| Untracked 
|  37|0x00000000c2d00000, 0x00000000c2d00000, 0x00000000c2e00000|  0%| F|  |TAMS 0x00000000c2d00000| PB 0x00000000c2d00000| Untracked 
|  38|0x00000000c2e00000, 0x00000000c2e00000, 0x00000000c2f00000|  0%| F|  |TAMS 0x00000000c2e00000| PB 0x00000000c2e00000| Untracked 
|  39|0x00000000c2f00000, 0x00000000c2f00000, 0x00000000c3000000|  0%| F|  |TAMS 0x00000000c2f00000| PB 0x00000000c2f00000| Untracked 
|  40|0x00000000c3000000, 0x00000000c3000000, 0x00000000c3100000|  0%| F|  |TAMS 0x00000000c3000000| PB 0x00000000c3000000| Untracked 
|  41|0x00000000c3100000, 0x00000000c3100000, 0x00000000c3200000|  0%| F|  |TAMS 0x00000000c3100000| PB 0x00000000c3100000| Untracked 
|  42|0x00000000c3200000, 0x00000000c3200000, 0x00000000c3300000|  0%| F|  |TAMS 0x00000000c3200000| PB 0x00000000c3200000| Untracked 
|  43|0x00000000c3300000, 0x00000000c3300000, 0x00000000c3400000|  0%| F|  |TAMS 0x00000000c3300000| PB 0x00000000c3300000| Untracked 
|  44|0x00000000c3400000, 0x00000000c3400000, 0x00000000c3500000|  0%| F|  |TAMS 0x00000000c3400000| PB 0x00000000c3400000| Untracked 
|  45|0x00000000c3500000, 0x00000000c3500000, 0x00000000c3600000|  0%| F|  |TAMS 0x00000000c3500000| PB 0x00000000c3500000| Untracked 
|  46|0x00000000c3600000, 0x00000000c3600000, 0x00000000c3700000|  0%| F|  |TAMS 0x00000000c3600000| PB 0x00000000c3600000| Untracked 
|  47|0x00000000c3700000, 0x00000000c3700000, 0x00000000c3800000|  0%| F|  |TAMS 0x00000000c3700000| PB 0x00000000c3700000| Untracked 
|  48|0x00000000c3800000, 0x00000000c38338b0, 0x00000000c3900000| 20%| E|  |TAMS 0x00000000c3800000| PB 0x00000000c3800000| Complete 
|  49|0x00000000c3900000, 0x00000000c3a00000, 0x00000000c3a00000|100%| E|CS|TAMS 0x00000000c3900000| PB 0x00000000c3900000| Complete 
|  50|0x00000000c3a00000, 0x00000000c3b00000, 0x00000000c3b00000|100%| S|CS|TAMS 0x00000000c3a00000| PB 0x00000000c3a00000| Complete 
|  51|0x00000000c3b00000, 0x00000000c3c00000, 0x00000000c3c00000|100%| S|CS|TAMS 0x00000000c3b00000| PB 0x00000000c3b00000| Complete 
|  52|0x00000000c3c00000, 0x00000000c3d00000, 0x00000000c3d00000|100%| E|CS|TAMS 0x00000000c3c00000| PB 0x00000000c3c00000| Complete 
|  53|0x00000000c3d00000, 0x00000000c3e00000, 0x00000000c3e00000|100%| E|CS|TAMS 0x00000000c3d00000| PB 0x00000000c3d00000| Complete 
|  54|0x00000000c3e00000, 0x00000000c3f00000, 0x00000000c3f00000|100%| E|CS|TAMS 0x00000000c3e00000| PB 0x00000000c3e00000| Complete 
|  55|0x00000000c3f00000, 0x00000000c4000000, 0x00000000c4000000|100%| E|  |TAMS 0x00000000c3f00000| PB 0x00000000c3f00000| Complete 
|  56|0x00000000c4000000, 0x00000000c4100000, 0x00000000c4100000|100%| E|CS|TAMS 0x00000000c4000000| PB 0x00000000c4000000| Complete 
|  57|0x00000000c4100000, 0x00000000c4200000, 0x00000000c4200000|100%| E|CS|TAMS 0x00000000c4100000| PB 0x00000000c4100000| Complete 
|  58|0x00000000c4200000, 0x00000000c4300000, 0x00000000c4300000|100%| E|CS|TAMS 0x00000000c4200000| PB 0x00000000c4200000| Complete 
|  59|0x00000000c4300000, 0x00000000c4400000, 0x00000000c4400000|100%| E|CS|TAMS 0x00000000c4300000| PB 0x00000000c4300000| Complete 
|  60|0x00000000c4400000, 0x00000000c4500000, 0x00000000c4500000|100%| E|CS|TAMS 0x00000000c4400000| PB 0x00000000c4400000| Complete 
|  61|0x00000000c4500000, 0x00000000c4600000, 0x00000000c4600000|100%| E|CS|TAMS 0x00000000c4500000| PB 0x00000000c4500000| Complete 
|  62|0x00000000c4600000, 0x00000000c4700000, 0x00000000c4700000|100%| E|CS|TAMS 0x00000000c4600000| PB 0x00000000c4600000| Complete 
|  63|0x00000000c4700000, 0x00000000c4800000, 0x00000000c4800000|100%| E|CS|TAMS 0x00000000c4700000| PB 0x00000000c4700000| Complete 

Card table byte_map: [0x0000022261170000,0x0000022261370000] _byte_map_base: 0x0000022260b6c000

Marking Bits: (CMBitMap*) 0x0000022249d39120
 Bits: [0x0000022261370000, 0x0000022262350000)

Polling page: 0x0000022247eb0000

Metaspace:

Usage:
  Non-class:      6.41 MB used.
      Class:    791.18 KB used.
       Both:      7.19 MB used.

Virtual space:
  Non-class space:       64.00 MB reserved,       6.50 MB ( 10%) committed,  1 nodes.
      Class space:        1.00 GB reserved,     896.00 KB ( <1%) committed,  1 nodes.
             Both:        1.06 GB reserved,       7.38 MB ( <1%) committed. 

Chunk freelists:
   Non-Class:  9.00 MB
       Class:  15.11 MB
        Both:  24.11 MB

MaxMetaspaceSize: unlimited
CompressedClassSpaceSize: 1.00 GB
Initial GC threshold: 21.00 MB
Current GC threshold: 21.00 MB
CDS: on
 - commit_granule_bytes: 65536.
 - commit_granule_words: 8192.
 - virtual_space_node_default_size: 8388608.
 - enlarge_chunks_in_place: 1.
 - use_allocation_guard: 0.


Internal statistics:

num_allocs_failed_limit: 0.
num_arena_births: 152.
num_arena_deaths: 0.
num_vsnodes_births: 2.
num_vsnodes_deaths: 0.
num_space_committed: 118.
num_space_uncommitted: 0.
num_chunks_returned_to_freelist: 0.
num_chunks_taken_from_freelist: 198.
num_chunk_merges: 0.
num_chunk_splits: 116.
num_chunks_enlarged: 45.
num_inconsistent_stats: 0.

CodeHeap 'non-profiled nmethods': size=120064Kb used=579Kb max_used=579Kb free=119485Kb
 bounds [0x0000022259c30000, 0x0000022259ea0000, 0x0000022261170000]
CodeHeap 'profiled nmethods': size=120000Kb used=1688Kb max_used=1688Kb free=118312Kb
 bounds [0x0000022252170000, 0x00000222523e0000, 0x00000222596a0000]
CodeHeap 'non-nmethods': size=5696Kb used=1527Kb max_used=1578Kb free=4168Kb
 bounds [0x00000222596a0000, 0x0000022259910000, 0x0000022259c30000]
 total_blobs=1706 nmethods=1109 adapters=503
 compilation: enabled
              stopped_count=0, restarted_count=0
 full_count=0

Compilation events (20 events):
Event: 3.754 Thread 0x00000222645e8fe0 1095       1       sun.font.FontDesignMetrics$MetricsKey::hashCode (5 bytes)
Event: 3.754 Thread 0x00000222645e8fe0 nmethod 1095 0x0000022259cbfd10 code [0x0000022259cbfea0, 0x0000022259cbff68]
Event: 3.754 Thread 0x00000222645e8fe0 1096       1       javax.swing.AbstractButton::getIcon (5 bytes)
Event: 3.755 Thread 0x00000222645e8fe0 nmethod 1096 0x0000022259cc0010 code [0x0000022259cc01a0, 0x0000022259cc0270]
Event: 3.755 Thread 0x00000222645e8fe0 1097       1       sun.font.SunFontManager::usingAlternateCompositeFonts (5 bytes)
Event: 3.755 Thread 0x00000222645e8fe0 nmethod 1097 0x0000022259cc0310 code [0x0000022259cc04a0, 0x0000022259cc0570]
Event: 3.755 Thread 0x00000222645e8fe0 1099       2       sun.awt.image.SunVolatileImage::validate (9 bytes)
Event: 3.755 Thread 0x00000222645e8fe0 nmethod 1099 0x000002225230d510 code [0x000002225230d6c0, 0x000002225230d7f0]
Event: 3.755 Thread 0x00000222645e8fe0 1098       1       java.awt.Font::hasLayoutAttributes (5 bytes)
Event: 3.755 Thread 0x00000222645e8fe0 nmethod 1098 0x0000022259cc0610 code [0x0000022259cc07a0, 0x0000022259cc0870]
Event: 3.758 Thread 0x00000222645e8fe0 1100       3       javax.swing.JComponent::repaint (19 bytes)
Event: 3.759 Thread 0x00000222645e8fe0 nmethod 1100 0x000002225230d910 code [0x000002225230db20, 0x000002225230e120]
Event: 3.760 Thread 0x00000222645e8fe0 1101       3       java.awt.Component::imageUpdate (78 bytes)
Event: 3.761 Thread 0x00000222645e8fe0 nmethod 1101 0x000002225230e410 code [0x000002225230e5e0, 0x000002225230e9b8]
Event: 3.762 Thread 0x00000222645e8fe0 1102       2       javax.swing.UIDefaults::get (21 bytes)
Event: 3.762 Thread 0x00000222645e8fe0 nmethod 1102 0x000002225230ea90 code [0x000002225230ec40, 0x000002225230edb8]
Event: 3.762 Thread 0x00000222645e8fe0 1103       2       java.awt.geom.AffineTransform::equals (104 bytes)
Event: 3.763 Thread 0x00000222645e8fe0 nmethod 1103 0x000002225230ee90 code [0x000002225230f040, 0x000002225230f780]
Event: 3.763 Thread 0x00000222645e8fe0 1104       2       java.awt.font.FontRenderContext::equals (127 bytes)
Event: 3.764 Thread 0x00000222645e8fe0 nmethod 1104 0x000002225230f890 code [0x000002225230fac0, 0x0000022252310208]

GC Heap History (6 events):
Event: 0.919 GC heap before
{Heap before GC invocations=0 (full 0):
 garbage-first heap   total 65536K, used 10240K [0x00000000c0800000, 0x0000000100000000)
  region size 1024K, 6 young (6144K), 0 survivors (0K)
 Metaspace       used 5006K, committed 5248K, reserved 1114112K
  class space    used 539K, committed 640K, reserved 1048576K
}
Event: 0.927 GC heap after
{Heap after GC invocations=1 (full 0):
 garbage-first heap   total 65536K, used 5838K [0x00000000c0800000, 0x0000000100000000)
  region size 1024K, 1 young (1024K), 1 survivors (1024K)
 Metaspace       used 5006K, committed 5248K, reserved 1114112K
  class space    used 539K, committed 640K, reserved 1048576K
}
Event: 1.058 GC heap before
{Heap before GC invocations=1 (full 0):
 garbage-first heap   total 65536K, used 10958K [0x00000000c0800000, 0x0000000100000000)
  region size 1024K, 6 young (6144K), 1 survivors (1024K)
 Metaspace       used 5047K, committed 5248K, reserved 1114112K
  class space    used 542K, committed 640K, reserved 1048576K
}
Event: 1.062 GC heap after
{Heap after GC invocations=2 (full 0):
 garbage-first heap   total 65536K, used 6776K [0x00000000c0800000, 0x0000000100000000)
  region size 1024K, 1 young (1024K), 1 survivors (1024K)
 Metaspace       used 5047K, committed 5248K, reserved 1114112K
  class space    used 542K, committed 640K, reserved 1048576K
}
Event: 1.593 GC heap before
{Heap before GC invocations=2 (full 0):
 garbage-first heap   total 65536K, used 17016K [0x00000000c0800000, 0x0000000100000000)
  region size 1024K, 12 young (12288K), 1 survivors (1024K)
 Metaspace       used 5053K, committed 5248K, reserved 1114112K
  class space    used 542K, committed 640K, reserved 1048576K
}
Event: 1.598 GC heap after
{Heap after GC invocations=3 (full 0):
 garbage-first heap   total 65536K, used 11502K [0x00000000c0800000, 0x0000000100000000)
  region size 1024K, 2 young (2048K), 2 survivors (2048K)
 Metaspace       used 5053K, committed 5248K, reserved 1114112K
  class space    used 542K, committed 640K, reserved 1048576K
}

Dll operation events (9 events):
Event: 0.010 Loaded shared library C:\Program Files\Java\jdk-21\bin\java.dll
Event: 0.291 Loaded shared library C:\Program Files\Java\jdk-21\bin\jsvml.dll
Event: 0.388 Loaded shared library C:\Program Files\Java\jdk-21\bin\net.dll
Event: 0.391 Loaded shared library C:\Program Files\Java\jdk-21\bin\nio.dll
Event: 0.497 Loaded shared library C:\Program Files\Java\jdk-21\bin\jimage.dll
Event: 0.522 Loaded shared library C:\Program Files\Java\jdk-21\bin\awt.dll
Event: 0.779 Loaded shared library C:\Program Files\Java\jdk-21\bin\zip.dll
Event: 1.947 Loaded shared library C:\Program Files\Java\jdk-21\bin\freetype.dll
Event: 1.949 Loaded shared library C:\Program Files\Java\jdk-21\bin\fontmanager.dll

Deoptimization events (20 events):
Event: 2.876 Thread 0x0000022264b5e1e0 DEOPT PACKING pc=0x00000222522a409c sp=0x0000006c20dfed00
Event: 2.876 Thread 0x0000022264b5e1e0 DEOPT UNPACKING pc=0x00000222596f4e23 sp=0x0000006c20dfe178 mode 0
Event: 2.879 Thread 0x0000022264a93b20 DEOPT PACKING pc=0x00000222522a409c sp=0x0000006c20bfefc0
Event: 2.879 Thread 0x0000022264a93b20 DEOPT UNPACKING pc=0x00000222596f4e23 sp=0x0000006c20bfe438 mode 0
Event: 2.894 Thread 0x0000022264a93b20 DEOPT PACKING pc=0x00000222522a409c sp=0x0000006c20bfefc0
Event: 2.894 Thread 0x0000022264a93b20 DEOPT UNPACKING pc=0x00000222596f4e23 sp=0x0000006c20bfe438 mode 0
Event: 2.897 Thread 0x0000022264b5e1e0 DEOPT PACKING pc=0x00000222522a409c sp=0x0000006c20dfed00
Event: 2.897 Thread 0x0000022264b5e1e0 DEOPT UNPACKING pc=0x00000222596f4e23 sp=0x0000006c20dfe178 mode 0
Event: 2.897 Thread 0x0000022264a93b20 DEOPT PACKING pc=0x00000222522a409c sp=0x0000006c20bfefc0
Event: 2.897 Thread 0x0000022264a93b20 DEOPT UNPACKING pc=0x00000222596f4e23 sp=0x0000006c20bfe438 mode 0
Event: 2.906 Thread 0x0000022264a93b20 DEOPT PACKING pc=0x00000222522a409c sp=0x0000006c20bfefc0
Event: 2.906 Thread 0x0000022264a93b20 DEOPT UNPACKING pc=0x00000222596f4e23 sp=0x0000006c20bfe438 mode 0
Event: 2.913 Thread 0x0000022264b5e1e0 DEOPT PACKING pc=0x00000222522a409c sp=0x0000006c20dfed00
Event: 2.913 Thread 0x0000022264b5e1e0 DEOPT UNPACKING pc=0x00000222596f4e23 sp=0x0000006c20dfe178 mode 0
Event: 2.914 Thread 0x0000022264a93b20 DEOPT PACKING pc=0x00000222522a409c sp=0x0000006c20bfefc0
Event: 2.914 Thread 0x0000022264a93b20 DEOPT UNPACKING pc=0x00000222596f4e23 sp=0x0000006c20bfe438 mode 0
Event: 2.921 Thread 0x0000022264a93b20 DEOPT PACKING pc=0x00000222522a409c sp=0x0000006c20bfefc0
Event: 2.921 Thread 0x0000022264a93b20 DEOPT UNPACKING pc=0x00000222596f4e23 sp=0x0000006c20bfe438 mode 0
Event: 2.961 Thread 0x0000022264b5e1e0 DEOPT PACKING pc=0x00000222522a409c sp=0x0000006c20dfed00
Event: 2.961 Thread 0x0000022264b5e1e0 DEOPT UNPACKING pc=0x00000222596f4e23 sp=0x0000006c20dfe178 mode 0

Classes loaded (20 events):
Event: 2.619 Loading class javax/swing/text/JTextComponent
Event: 2.619 Loading class javax/swing/Scrollable
Event: 2.619 Loading class javax/swing/Scrollable done
Event: 2.620 Loading class javax/swing/text/JTextComponent done
Event: 2.623 Loading class java/awt/KeyboardFocusManager$3
Event: 2.623 Loading class java/awt/KeyboardFocusManager$3 done
Event: 2.643 Loading class sun/awt/im/CompositionAreaHandler
Event: 2.643 Loading class sun/awt/im/CompositionAreaHandler done
Event: 2.643 Loading class java/text/AttributedString
Event: 2.644 Loading class java/text/AttributedString done
Event: 2.644 Loading class java/text/AttributedString$AttributedStringIterator
Event: 2.644 Loading class java/text/AttributedCharacterIterator
Event: 2.644 Loading class java/text/CharacterIterator
Event: 2.644 Loading class java/text/CharacterIterator done
Event: 2.644 Loading class java/text/AttributedCharacterIterator done
Event: 2.644 Loading class java/text/AttributedString$AttributedStringIterator done
Event: 2.645 Loading class java/applet/Applet
Event: 2.645 Loading class java/awt/Panel
Event: 2.645 Loading class java/awt/Panel done
Event: 2.645 Loading class java/applet/Applet done

Classes unloaded (0 events):
No events

Classes redefined (0 events):
No events

Internal exceptions (15 events):
Event: 0.417 Thread 0x0000022247b566d0 Exception <a 'java/lang/NoSuchMethodError'{0x00000000c460a2c8}: 'void java.lang.invoke.DirectMethodHandle$Holder.invokeVirtual(java.lang.Object, java.lang.Object)'> (0x00000000c460a2c8) 
thrown [s\open\src\hotspot\share\interpreter\linkResolver.cpp, line 773]
Event: 0.422 Thread 0x0000022247b566d0 Exception <a 'java/lang/NoSuchMethodError'{0x00000000c46153d8}: 'java.lang.Object java.lang.invoke.DirectMethodHandle$Holder.invokeInterface(java.lang.Object, java.lang.Object, java.lang.Object)'> (0x00000000c46153d8) 
thrown [s\open\src\hotspot\share\interpreter\linkResolver.cpp, line 773]
Event: 0.500 Thread 0x0000022247b566d0 Exception <a 'sun/nio/fs/WindowsException'{0x00000000c46bf190}> (0x00000000c46bf190) 
thrown [s\open\src\hotspot\share\prims\jni.cpp, line 520]
Event: 0.506 Thread 0x0000022247b566d0 Exception <a 'java/lang/ClassNotFoundException'{0x00000000c46c6578}: sun/awt/resources/spi/awtProvider> (0x00000000c46c6578) 
thrown [s\open\src\hotspot\share\classfile\systemDictionary.cpp, line 312]
Event: 0.545 Thread 0x0000022247b566d0 Exception <a 'java/io/FileNotFoundException'{0x00000000c451b288}> (0x00000000c451b288) 
thrown [s\open\src\hotspot\share\prims\jni.cpp, line 520]
Event: 0.559 Thread 0x0000022247b566d0 Exception <a 'java/io/FileNotFoundException'{0x00000000c45458c0}> (0x00000000c45458c0) 
thrown [s\open\src\hotspot\share\prims\jni.cpp, line 520]
Event: 0.676 Thread 0x0000022247b566d0 Exception <a 'java/lang/NoSuchMethodError'{0x00000000c4415fd0}: 'void java.lang.invoke.DirectMethodHandle$Holder.invokeSpecial(java.lang.Object, java.lang.Object, java.lang.Object)'> (0x00000000c4415fd0) 
thrown [s\open\src\hotspot\share\interpreter\linkResolver.cpp, line 773]
Event: 0.688 Thread 0x0000022247b566d0 Exception <a 'java/lang/NoSuchMethodError'{0x00000000c443bd08}: 'java.lang.Object java.lang.invoke.DirectMethodHandle$Holder.newInvokeSpecial(java.lang.Object, java.lang.Object, java.lang.Object, java.lang.Object, java.lang.Object)'> (0x00000000c443bd08) 
thrown [s\open\src\hotspot\share\interpreter\linkResolver.cpp, line 773]
Event: 0.699 Thread 0x0000022247b566d0 Exception <a 'java/lang/NoSuchMethodError'{0x00000000c4467dc0}: 'java.lang.Object java.lang.invoke.DirectMethodHandle$Holder.invokeStatic(java.lang.Object, int, java.lang.Object)'> (0x00000000c4467dc0) 
thrown [s\open\src\hotspot\share\interpreter\linkResolver.cpp, line 773]
Event: 0.738 Thread 0x0000022247b566d0 Exception <a 'java/lang/ClassNotFoundException'{0x00000000c4308628}: com/sun/swing/internal/plaf/metal/resources/spi/metalProvider> (0x00000000c4308628) 
thrown [s\open\src\hotspot\share\classfile\systemDictionary.cpp, line 312]
Event: 0.740 Thread 0x0000022247b566d0 Exception <a 'java/lang/ClassNotFoundException'{0x00000000c430c588}: com/sun/swing/internal/plaf/basic/resources/spi/basicProvider> (0x00000000c430c588) 
thrown [s\open\src\hotspot\share\classfile\systemDictionary.cpp, line 312]
Event: 0.760 Thread 0x0000022247b566d0 Exception <a 'java/lang/NoSuchMethodError'{0x00000000c432b958}: 'int java.lang.invoke.Invokers$Holder.invokeExact_MT(java.lang.Object, java.lang.Object)'> (0x00000000c432b958) 
thrown [s\open\src\hotspot\share\interpreter\linkResolver.cpp, line 773]
Event: 0.790 Thread 0x0000022264a93b20 Exception <a 'java/lang/NoSuchMethodError'{0x00000000c434b878}: 'java.lang.Object java.lang.invoke.DirectMethodHandle$Holder.newInvokeSpecial(java.lang.Object, java.lang.Object, java.lang.Object, int, int, int, int, int)'> (0x00000000c434b878) 
thrown [s\open\src\hotspot\share\interpreter\linkResolver.cpp, line 773]
Event: 1.939 Thread 0x0000022247b566d0 Exception <a 'java/lang/NoSuchMethodError'{0x00000000c4230fd8}: 'void java.lang.invoke.DirectMethodHandle$Holder.invokeStaticInit(java.lang.Object)'> (0x00000000c4230fd8) 
thrown [s\open\src\hotspot\share\interpreter\linkResolver.cpp, line 773]
Event: 2.032 Thread 0x0000022247b566d0 Exception <a 'sun/nio/fs/WindowsException'{0x00000000c42aa2c0}> (0x00000000c42aa2c0) 
thrown [s\open\src\hotspot\share\prims\jni.cpp, line 520]

ZGC Phase Switch (0 events):
No events

VM Operations (18 events):
Event: 0.442 Executing VM operation: HandshakeAllThreads (Deoptimize)
Event: 0.442 Executing VM operation: HandshakeAllThreads (Deoptimize) done
Event: 0.573 Executing VM operation: HandshakeAllThreads (Deoptimize)
Event: 0.573 Executing VM operation: HandshakeAllThreads (Deoptimize) done
Event: 0.765 Executing VM operation: HandshakeAllThreads (Deoptimize)
Event: 0.765 Executing VM operation: HandshakeAllThreads (Deoptimize) done
Event: 0.918 Executing VM operation: G1CollectForAllocation (G1 Evacuation Pause)
Event: 0.927 Executing VM operation: G1CollectForAllocation (G1 Evacuation Pause) done
Event: 1.012 Executing VM operation: HandshakeAllThreads (Deoptimize)
Event: 1.012 Executing VM operation: HandshakeAllThreads (Deoptimize) done
Event: 1.058 Executing VM operation: G1CollectForAllocation (G1 Evacuation Pause)
Event: 1.192 Executing VM operation: G1CollectForAllocation (G1 Evacuation Pause) done
Event: 1.593 Executing VM operation: G1CollectForAllocation (G1 Evacuation Pause)
Event: 1.598 Executing VM operation: G1CollectForAllocation (G1 Evacuation Pause) done
Event: 1.952 Executing VM operation: HandshakeAllThreads (Deoptimize)
Event: 1.952 Executing VM operation: HandshakeAllThreads (Deoptimize) done
Event: 2.961 Executing VM operation: Cleanup
Event: 3.231 Executing VM operation: Cleanup done

Events (20 events):
Event: 0.290 Thread 0x00000222645769b0 Thread added: 0x00000222645769b0
Event: 0.290 Thread 0x0000022264579420 Thread added: 0x0000022264579420
Event: 0.290 Thread 0x0000022264579e80 Thread added: 0x0000022264579e80
Event: 0.290 Thread 0x000002226457a8e0 Thread added: 0x000002226457a8e0
Event: 0.290 Thread 0x000002226457b670 Thread added: 0x000002226457b670
Event: 0.300 Thread 0x00000222645e8fe0 Thread added: 0x00000222645e8fe0
Event: 0.375 Thread 0x00000222647a8030 Thread added: 0x00000222647a8030
Event: 0.471 Thread 0x00000222648f5d70 Thread added: 0x00000222648f5d70
Event: 0.633 Thread 0x00000222649c5a60 Thread added: 0x00000222649c5a60
Event: 0.635 Thread 0x00000222649e1ae0 Thread added: 0x00000222649e1ae0
Event: 0.638 Thread 0x00000222649e5180 Thread added: 0x00000222649e5180
Event: 0.774 Thread 0x0000022264a93b20 Thread added: 0x0000022264a93b20
Event: 0.999 Thread 0x0000022264b5e1e0 Thread added: 0x0000022264b5e1e0
Event: 1.826 Thread 0x00000222649e1ae0 Thread exited: 0x00000222649e1ae0
Event: 1.901 Thread 0x0000022264ace570 Thread added: 0x0000022264ace570
Event: 1.911 Thread 0x0000022264aad560 Thread added: 0x0000022264aad560
Event: 2.101 Thread 0x0000022247b566d0 Thread exited: 0x0000022247b566d0
Event: 2.101 Thread 0x0000022247b566d0 Thread added: 0x0000022247b566d0
Event: 2.551 Thread 0x000002226a617f10 Thread added: 0x000002226a617f10
Event: 2.552 Thread 0x000002226981f440 Thread added: 0x000002226981f440


Dynamic libraries:
0x00007ff7def90000 - 0x00007ff7defa0000 	C:\Program Files\Java\jdk-21\bin\javaw.exe
0x00007ffef05b0000 - 0x00007ffef07a8000 	C:\Windows\SYSTEM32\ntdll.dll
0x00007ffeee810000 - 0x00007ffeee8cd000 	C:\Windows\System32\KERNEL32.DLL
0x00007ffeee310000 - 0x00007ffeee606000 	C:\Windows\System32\KERNELBASE.dll
0x00007ffeedf50000 - 0x00007ffeee050000 	C:\Windows\System32\ucrtbase.dll
0x00007ffee6ca0000 - 0x00007ffee6cb9000 	C:\Program Files\Java\jdk-21\bin\jli.dll
0x00007ffeefc30000 - 0x00007ffeefcdf000 	C:\Windows\System32\ADVAPI32.dll
0x00007ffef00c0000 - 0x00007ffef015e000 	C:\Windows\System32\msvcrt.dll
0x00007ffeee610000 - 0x00007ffeee6ac000 	C:\Windows\System32\sechost.dll
0x00007ffeee8d0000 - 0x00007ffeee9f6000 	C:\Windows\System32\RPCRT4.dll
0x00007ffeeeab0000 - 0x00007ffeeec4e000 	C:\Windows\System32\USER32.dll
0x00007ffeedc90000 - 0x00007ffeedcb2000 	C:\Windows\System32\win32u.dll
0x00007ffef0160000 - 0x00007ffef018c000 	C:\Windows\System32\GDI32.dll
0x00007ffeee050000 - 0x00007ffeee16a000 	C:\Windows\System32\gdi32full.dll
0x00007ffeee170000 - 0x00007ffeee20d000 	C:\Windows\System32\msvcp_win.dll
0x00007ffede330000 - 0x00007ffede34b000 	C:\Program Files\Java\jdk-21\bin\VCRUNTIME140.dll
0x00007ffee0830000 - 0x00007ffee0aca000 	C:\Windows\WinSxS\amd64_microsoft.windows.common-controls_6595b64144ccf1df_6.0.19041.3636_none_60b6a03d71f818d5\COMCTL32.dll
0x00007ffee1f60000 - 0x00007ffee1f6a000 	C:\Windows\SYSTEM32\VERSION.dll
0x00007ffeee780000 - 0x00007ffeee7b0000 	C:\Windows\System32\IMM32.DLL
0x00007ffee2910000 - 0x00007ffee291c000 	C:\Program Files\Java\jdk-21\bin\vcruntime140_1.dll
0x00007ffed4450000 - 0x00007ffed44de000 	C:\Program Files\Java\jdk-21\bin\msvcp140.dll
0x00007ffebf190000 - 0x00007ffebfea5000 	C:\Program Files\Java\jdk-21\bin\server\jvm.dll
0x00007ffeee6b0000 - 0x00007ffeee71b000 	C:\Windows\System32\WS2_32.dll
0x00007ffeedb70000 - 0x00007ffeedbbb000 	C:\Windows\SYSTEM32\POWRPROF.dll
0x00007ffee0520000 - 0x00007ffee0547000 	C:\Windows\SYSTEM32\WINMM.dll
0x00007ffeedb50000 - 0x00007ffeedb62000 	C:\Windows\SYSTEM32\UMPDC.dll
0x00007ffeeba90000 - 0x00007ffeebaa2000 	C:\Windows\SYSTEM32\kernel.appcore.dll
0x00007ffee6b10000 - 0x00007ffee6b1a000 	C:\Program Files\Java\jdk-21\bin\jimage.dll
0x00007ffedb000000 - 0x00007ffedb1e4000 	C:\Windows\SYSTEM32\DBGHELP.DLL
0x00007ffed96b0000 - 0x00007ffed96e4000 	C:\Windows\SYSTEM32\dbgcore.DLL
0x00007ffeee280000 - 0x00007ffeee302000 	C:\Windows\System32\bcryptPrimitives.dll
0x00007ffee2940000 - 0x00007ffee295f000 	C:\Program Files\Java\jdk-21\bin\java.dll
0x00007ffeeeea0000 - 0x00007ffeef5e4000 	C:\Windows\System32\SHELL32.dll
0x00007ffeebd70000 - 0x00007ffeec50b000 	C:\Windows\SYSTEM32\windows.storage.dll
0x00007ffeefd60000 - 0x00007ffef00b4000 	C:\Windows\System32\combase.dll
0x00007ffeed600000 - 0x00007ffeed62d000 	C:\Windows\SYSTEM32\Wldp.dll
0x00007ffeeea00000 - 0x00007ffeeeaad000 	C:\Windows\System32\SHCORE.dll
0x00007ffef01b0000 - 0x00007ffef0205000 	C:\Windows\System32\shlwapi.dll
0x00007ffeedbc0000 - 0x00007ffeedbe5000 	C:\Windows\SYSTEM32\profapi.dll
0x00007ffed4580000 - 0x00007ffed4657000 	C:\Program Files\Java\jdk-21\bin\jsvml.dll
0x00007ffee69f0000 - 0x00007ffee6a00000 	C:\Program Files\Java\jdk-21\bin\net.dll
0x00007ffee8c80000 - 0x00007ffee8d8a000 	C:\Windows\SYSTEM32\WINHTTP.dll
0x00007ffeed360000 - 0x00007ffeed3ca000 	C:\Windows\system32\mswsock.dll
0x00007ffee2920000 - 0x00007ffee2936000 	C:\Program Files\Java\jdk-21\bin\nio.dll
0x00007ffecc1e0000 - 0x00007ffecc36f000 	C:\Program Files\Java\jdk-21\bin\awt.dll
0x00007ffef0360000 - 0x00007ffef042d000 	C:\Windows\System32\OLEAUT32.dll
0x00007ffeeb5f0000 - 0x00007ffeeb680000 	C:\Windows\SYSTEM32\apphelp.dll
0x00007ffeeba60000 - 0x00007ffeeba8f000 	C:\Windows\system32\DWMAPI.DLL
0x00007ffeeb7a0000 - 0x00007ffeeb83e000 	C:\Windows\system32\uxtheme.dll
0x00007ffecc030000 - 0x00007ffecc155000 	C:\Windows\system32\opengl32.dll
0x00007ffedec70000 - 0x00007ffedec9c000 	C:\Windows\SYSTEM32\GLU32.dll
0x00007ffeef5f0000 - 0x00007ffeef704000 	C:\Windows\System32\MSCTF.dll
0x00007ffef0230000 - 0x00007ffef035b000 	C:\Windows\System32\ole32.dll
0x00007ffedf840000 - 0x00007ffedf858000 	C:\Program Files\Java\jdk-21\bin\zip.dll
0x00007ffed3d10000 - 0x00007ffed3d97000 	C:\Program Files\Java\jdk-21\bin\freetype.dll
0x00007ffecaa60000 - 0x00007ffecab33000 	C:\Program Files\Java\jdk-21\bin\fontmanager.dll
0x00007ffee4d70000 - 0x00007ffee4e6a000 	C:\Windows\SYSTEM32\textinputframework.dll
0x00007ffeeaf50000 - 0x00007ffeeb2ab000 	C:\Windows\System32\CoreUIComponents.dll
0x00007ffeeb2b0000 - 0x00007ffeeb3a2000 	C:\Windows\System32\CoreMessaging.dll
0x00007ffeecdb0000 - 0x00007ffeecde3000 	C:\Windows\SYSTEM32\ntmarta.dll
0x00007ffeea860000 - 0x00007ffeea9b5000 	C:\Windows\SYSTEM32\wintypes.dll

dbghelp: loaded successfully - version: 4.0.5 - missing functions: none
symbol engine: initialized successfully - sym options: 0x614 - pdb path: .;C:\Program Files\Java\jdk-21\bin;C:\Windows\SYSTEM32;C:\Windows\WinSxS\amd64_microsoft.windows.common-controls_6595b64144ccf1df_6.0.19041.3636_none_60b6a03d71f818d5;C:\Program Files\Java\jdk-21\bin\server

VM Arguments:
jvm_args: -Dfile.encoding=UTF-8 -Dstdout.encoding=UTF-8 -Dstderr.encoding=UTF-8 --module-path=C:\Users\carlo\eclipse-workspace\JogodeCartas\bin -XX:+ShowCodeDetailsInExceptionMessages -Djdk.module.main=JogodeCartas 
java_command: JogodeCartas/jogodecartas.Conteiner
java_class_path (initial): <not set>
Launcher Type: SUN_STANDARD

[Global flags]
     intx CICompilerCount                          = 2                                         {product} {ergonomic}
     uint ConcGCThreads                            = 1                                         {product} {ergonomic}
     uint G1ConcRefinementThreads                  = 2                                         {product} {ergonomic}
   size_t G1HeapRegionSize                         = 1048576                                   {product} {ergonomic}
    uintx GCDrainStackTargetSize                   = 64                                        {product} {ergonomic}
   size_t InitialHeapSize                          = 67108864                                  {product} {ergonomic}
   size_t MarkStackSize                            = 4194304                                   {product} {ergonomic}
   size_t MaxHeapSize                              = 1065353216                                {product} {ergonomic}
   size_t MaxNewSize                               = 638582784                                 {product} {ergonomic}
   size_t MinHeapDeltaBytes                        = 1048576                                   {product} {ergonomic}
   size_t MinHeapSize                              = 8388608                                   {product} {ergonomic}
    uintx NonNMethodCodeHeapSize                   = 5826188                                {pd product} {ergonomic}
    uintx NonProfiledCodeHeapSize                  = 122916026                              {pd product} {ergonomic}
     bool PerfDisableSharedMem                     = true                                      {product} {ergonomic}
    uintx ProfiledCodeHeapSize                     = 122916026                              {pd product} {ergonomic}
    uintx ReservedCodeCacheSize                    = 251658240                              {pd product} {ergonomic}
     bool SegmentedCodeCache                       = true                                      {product} {ergonomic}
     bool ShowCodeDetailsInExceptionMessages       = true                                   {manageable} {command line}
   size_t SoftMaxHeapSize                          = 1065353216                             {manageable} {ergonomic}
     bool UseCompressedOops                        = true                           {product lp64_product} {ergonomic}
     bool UseG1GC                                  = true                                      {product} {ergonomic}
     bool UseLargePagesIndividualAllocation        = false                                  {pd product} {ergonomic}

Logging:
Log output configuration:
 #0: stdout all=warning uptime,level,tags foldmultilines=false
 #1: stderr all=off uptime,level,tags foldmultilines=false

Environment Variables:
PATH=C:/Program Files/Java/jdk-21/bin/server;C:/Program Files/Java/jdk-21/bin;C:\Program Files (x86)\Common Files\Oracle\Java\javapath;C:\Python312\Scripts\;C:\Python312\;C:\Program Files\Common Files\Oracle\Java\javapath;C:\Windows\system32;C:\Windows;C:\Windows\System32\Wbem;C:\Windows\System32\WindowsPowerShell\v1.0\;C:\Windows\System32\OpenSSH\;C:\ProgramData\chocolatey\bin;C:\Program Files\dotnet\;C:\Program Files\Git\cmd;C:\Program Files\nodejs\;C:\Users\carlo\AppData\Local\Programs\Python\Python310\Scripts\;C:\Users\carlo\AppData\Local\Programs\Python\Python310\;C:\Users\carlo\AppData\Local\Programs\Python\Python312\Scripts\;C:\Users\carlo\AppData\Local\Programs\Python\Python312\;C:\Users\carlo\AppData\Local\Programs\Python\Launcher\;C:\Users\carlo\AppData\Local\Microsoft\WindowsApps;C:\Users\carlo\AppData\Local\Programs\Microsoft VS Code\bin;C:\Users\carlo\AppData\Local\GitHubDesktop\bin;C:\Users\carlo\AppData\Roaming\npm;C:\Users\carlo\OneDrive\rea de Trabalho;
USERNAME=carlo
OS=Windows_NT
PROCESSOR_IDENTIFIER=Intel64 Family 6 Model 23 Stepping 10, GenuineIntel
TMP=C:\Users\carlo\AppData\Local\Temp
TEMP=C:\Users\carlo\AppData\Local\Temp




Periodic native trim disabled

---------------  S Y S T E M  ---------------

OS:
 Windows 10 , 64 bit Build 19041 (10.0.19041.3636)
OS uptime: 8 days 3:13 hours

CPU: total 2 (initial active 2) (2 cores per cpu, 1 threads per core) family 6 model 23 stepping 10 microcode 0xa0c, cx8, cmov, fxsr, mmx, sse, sse2, sse3, ssse3, tsc, clflush
Processor Information for all 2 processors :
  Max Mhz: 3003, Current Mhz: 3003, Mhz Limit: 3003

Memory: 4k page, system-wide physical 4061M (1365M free)
TotalPageFile size 8157M (AvailPageFile size 4984M)
current process WorkingSet (physical memory assigned to process): 104M, peak: 104M
current process commit charge ("private bytes"): 167M, peak: 168M

vm_info: Java HotSpot(TM) 64-Bit Server VM (21.0.1+12-LTS-29) for windows-amd64 JRE (21.0.1+12-LTS-29), built on 2023-10-05T13:27:09Z by "mach5one" with MS VC++ 17.1 (VS2022)

END.
